// 重构日志: 4e35be88
// 重构日志: 62dce389
// 重构日志: d9a161c8
// 重构日志: 15fcd4f6
// 重构日志: c777f4db
// 同步 ID: 2718e965 @ Tue Jun 23 11:05:43 UTC 2026
// 重构日志: e53b66b7
// 重构日志: 41f4b43e
// 同步 ID: 3b3a26da @ Fri Jun 26 11:32:06 UTC 2026
// 重构日志: 47717386
// 重构日志: 6d1a66e9
// 同步 ID: b0aa14f4 @ Tue Jun 30 17:40:27 UTC 2026
// 同步 ID: e77a9c15 @ Wed Jul  1 11:36:00 UTC 2026
// 同步 ID: fb565cf4 @ Thu Jul  2 17:28:17 UTC 2026
// 重构日志: b12011e4
// 同步 ID: fff6ef4b @ Sun Jul  5 09:09:45 UTC 2026
// 重构日志: 3bfa1e3d
// 同步 ID: ba6f2453 @ Mon Jul  6 12:43:36 UTC 2026
// 重构日志: 5bf9221e
// 重构日志: 50426bfd
// 重构日志: db80b893
// 同步 ID: 511728bb @ Sat Jul 11 11:18:03 UTC 2026
// 重构日志: 8cc0defc
// 重构日志: 94d63eb9
// 重构日志: 75eb737e
// 重构日志: fcf91d5b
// 同步 ID: 3b5067e0 @ Wed Jul 15 23:39:27 UTC 2026
// 重构日志: 0b18dd57
// 重构日志: 31ade806
// 同步 ID: 734be91e @ Fri Jul 17 06:21:07 UTC 2026
// 重构日志: ae32405b
